<?xml version="1.0" encoding="UTF-8"?>
<testng-results skipped="0" failed="0" ignored="0" total="1" passed="1">
  <reporter-output>
  </reporter-output>
  <suite name="Default suite" duration-ms="37265" started-at="2018-07-26T07:39:14Z" finished-at="2018-07-26T07:39:51Z">
    <groups>
    </groups>
    <test name="Default test" duration-ms="37265" started-at="2018-07-26T07:39:14Z" finished-at="2018-07-26T07:39:51Z">
      <class name="by.htp.belavia.TicketsTest">
        <test-method status="PASS" signature="setUpTest()[pri:0, instance:by.htp.belavia.TicketsTest@8bd1b6a]" name="setUpTest" is-config="true" duration-ms="1933" started-at="2018-07-26T10:39:14Z" finished-at="2018-07-26T10:39:16Z">
          <reporter-output>
          </reporter-output>
        </test-method> <!-- setUpTest -->
        <test-method status="PASS" signature="sysout()[pri:0, instance:by.htp.belavia.TicketsTest@8bd1b6a]" name="sysout" duration-ms="35183" started-at="2018-07-26T10:39:16Z" finished-at="2018-07-26T10:39:51Z">
          <reporter-output>
          </reporter-output>
        </test-method> <!-- sysout -->
        <test-method status="PASS" signature="finish()[pri:0, instance:by.htp.belavia.TicketsTest@8bd1b6a]" name="finish" is-config="true" duration-ms="123" started-at="2018-07-26T10:39:51Z" finished-at="2018-07-26T10:39:51Z">
          <reporter-output>
          </reporter-output>
        </test-method> <!-- finish -->
      </class> <!-- by.htp.belavia.TicketsTest -->
    </test> <!-- Default test -->
  </suite> <!-- Default suite -->
</testng-results>
